<?xml version="1.0" encoding="UTF-8"?>
<testng-results ignored="0" total="1" passed="1" failed="0" skipped="0">
  <reporter-output>
  </reporter-output>
  <suite started-at="2025-01-20T12:15:12 IST" name="Master Suite" finished-at="2025-01-20T12:15:21 IST" duration-ms="8529">
    <groups>
    </groups>
    <test started-at="2025-01-20T12:15:12 IST" name="Test" finished-at="2025-01-20T12:15:21 IST" duration-ms="8529">
      <class name="testCases.AdminLoginTest">
        <test-method is-config="true" signature="setup()[pri:0, instance:testCases.AdminLoginTest@6436a7db]" started-at="2025-01-20T12:15:12 IST" name="setup" finished-at="2025-01-20T12:15:20 IST" duration-ms="7812" status="PASS">
          <reporter-output>
          </reporter-output>
        </test-method> <!-- setup -->
        <test-method signature="verify_admin_login()[pri:0, instance:testCases.AdminLoginTest@6436a7db]" started-at="2025-01-20T12:15:20 IST" name="verify_admin_login" finished-at="2025-01-20T12:15:21 IST" duration-ms="525" status="PASS">
          <reporter-output>
          </reporter-output>
        </test-method> <!-- verify_admin_login -->
        <test-method is-config="true" signature="tearDown()[pri:0, instance:testCases.AdminLoginTest@6436a7db]" started-at="2025-01-20T12:15:21 IST" name="tearDown" finished-at="2025-01-20T12:15:21 IST" duration-ms="152" status="PASS">
          <reporter-output>
          </reporter-output>
        </test-method> <!-- tearDown -->
      </class> <!-- testCases.AdminLoginTest -->
    </test> <!-- Test -->
  </suite> <!-- Master Suite -->
</testng-results>
